<?xml version="1.0" encoding="UTF-8"?>
<!-- Generated by org.testng.reporters.JUnitReportReporter -->
<testsuite hostname="Arrow" failures="0" tests="2" name="StepDefinitions.CsquareCustomerOrder_IGST" time="9.606" errors="0" timestamp="2022-12-17T21:46:46 IST" skipped="0">
  <testcase classname="StepDefinitions.CsquareCustomerOrder_IGST" name="C2order" time="8.807"/>
  <system-out/>
  <testcase classname="StepDefinitions.CsquareCustomerOrder_IGST" name="generatepicklist" time="0.799"/>
  <system-out/>
</testsuite> <!-- StepDefinitions.CsquareCustomerOrder_IGST -->
