<?xml version="1.0" encoding="UTF-8"?>
<!-- Generated by org.testng.reporters.JUnitReportReporter -->
<testsuite hostname="Arrow" failures="0" tests="1" name="runner.Test_Runner" time="9.755" errors="0" timestamp="2022-12-17T14:39:48 IST" skipped="0">
  <testcase classname="runner.Test_Runner" name="runScenario" time="9.755"/>
  <system-out/>
</testsuite> <!-- runner.Test_Runner -->
